<?xml version="1.0" encoding="UTF-8"?>
<testng-results skipped="0" failed="0" ignored="0" total="1" passed="1">
  <reporter-output>
  </reporter-output>
  <suite name="Default suite" duration-ms="1837" started-at="2019-03-05T14:07:06Z" finished-at="2019-03-05T14:07:08Z">
    <groups>
    </groups>
    <test name="Default test" duration-ms="1837" started-at="2019-03-05T14:07:06Z" finished-at="2019-03-05T14:07:08Z">
      <class name="com.readexcel.WriteExcel">
        <test-method status="PASS" signature="write()[pri:0, instance:com.readexcel.WriteExcel@685cb137]" name="write" duration-ms="1771" started-at="2019-03-05T14:07:06Z" finished-at="2019-03-05T14:07:08Z">
          <reporter-output>
          </reporter-output>
        </test-method> <!-- write -->
      </class> <!-- com.readexcel.WriteExcel -->
    </test> <!-- Default test -->
  </suite> <!-- Default suite -->
</testng-results>
